<?xml version="1.0" encoding="UTF-8"?>
<!-- Generated by org.testng.reporters.JUnitReportReporter -->
<testsuite hostname="DESKTOP-Q6IOT3H" failures="0" tests="1" name="tests.LoginTest" time="26.057" errors="0" timestamp="2025-08-05T00:19:33 IST" skipped="0">
  <testcase classname="tests.LoginTest" name="validLogin" time="26.057"/>
</testsuite> <!-- tests.LoginTest -->
